{"C:\\Users\\leylaticze\\Documents\\markdown-track\\lim-2018-01-FE-markdown\\index.js": {"path":"C:\\Users\\leylaticze\\Documents\\markdown-track\\lim-2018-01-FE-markdown\\index.js","statementMap":{"0":{"start":{"line":1,"column":11},"end":{"line":1,"column":24}},"1":{"start":{"line":2,"column":13},"end":{"line":2,"column":28}},"2":{"start":{"line":3,"column":18},"end":{"line":3,"column":39}},"3":{"start":{"line":4,"column":30},"end":{"line":4,"column":64}},"4":{"start":{"line":7,"column":18},"end":{"line":19,"column":1}},"5":{"start":{"line":8,"column":2},"end":{"line":18,"column":3}},"6":{"start":{"line":9,"column":4},"end":{"line":11,"column":5}},"7":{"start":{"line":10,"column":6},"end":{"line":10,"column":36}},"8":{"start":{"line":13,"column":17},"end":{"line":13,"column":37}},"9":{"start":{"line":14,"column":4},"end":{"line":17,"column":6}},"10":{"start":{"line":15,"column":22},"end":{"line":15,"column":39}},"11":{"start":{"line":16,"column":6},"end":{"line":16,"column":41}},"12":{"start":{"line":22,"column":20},"end":{"line":28,"column":1}},"13":{"start":{"line":23,"column":2},"end":{"line":27,"column":4}},"14":{"start":{"line":24,"column":21},"end":{"line":24,"column":53}},"15":{"start":{"line":25,"column":18},"end":{"line":25,"column":49}},"16":{"start":{"line":26,"column":4},"end":{"line":26,"column":18}},"17":{"start":{"line":29,"column":19},"end":{"line":38,"column":1}},"18":{"start":{"line":30,"column":2},"end":{"line":37,"column":4}},"19":{"start":{"line":31,"column":4},"end":{"line":36,"column":7}},"20":{"start":{"line":32,"column":6},"end":{"line":34,"column":7}},"21":{"start":{"line":33,"column":8},"end":{"line":33,"column":27}},"22":{"start":{"line":35,"column":6},"end":{"line":35,"column":64}},"23":{"start":{"line":39,"column":18},"end":{"line":41,"column":1}},"24":{"start":{"line":40,"column":2},"end":{"line":40,"column":28}},"25":{"start":{"line":42,"column":18},"end":{"line":70,"column":1}},"26":{"start":{"line":43,"column":2},"end":{"line":69,"column":4}},"27":{"start":{"line":44,"column":4},"end":{"line":68,"column":8}},"28":{"start":{"line":46,"column":28},"end":{"line":48,"column":10}},"29":{"start":{"line":47,"column":10},"end":{"line":47,"column":32}},"30":{"start":{"line":49,"column":25},"end":{"line":49,"column":27}},"31":{"start":{"line":50,"column":8},"end":{"line":52,"column":10}},"32":{"start":{"line":51,"column":10},"end":{"line":51,"column":43}},"33":{"start":{"line":53,"column":8},"end":{"line":67,"column":12}},"34":{"start":{"line":55,"column":25},"end":{"line":55,"column":26}},"35":{"start":{"line":56,"column":12},"end":{"line":61,"column":14}},"36":{"start":{"line":57,"column":14},"end":{"line":60,"column":15}},"37":{"start":{"line":59,"column":16},"end":{"line":59,"column":32}},"38":{"start":{"line":62,"column":12},"end":{"line":66,"column":14}},"39":{"start":{"line":71,"column":13},"end":{"line":84,"column":1}},"40":{"start":{"line":72,"column":2},"end":{"line":83,"column":4}},"41":{"start":{"line":73,"column":4},"end":{"line":82,"column":8}},"42":{"start":{"line":75,"column":28},"end":{"line":77,"column":10}},"43":{"start":{"line":76,"column":10},"end":{"line":76,"column":32}},"44":{"start":{"line":78,"column":8},"end":{"line":81,"column":10}},"45":{"start":{"line":85,"column":17},"end":{"line":97,"column":1}},"46":{"start":{"line":86,"column":2},"end":{"line":96,"column":4}},"47":{"start":{"line":87,"column":4},"end":{"line":95,"column":5}},"48":{"start":{"line":89,"column":25},"end":{"line":89,"column":27}},"49":{"start":{"line":90,"column":8},"end":{"line":92,"column":10}},"50":{"start":{"line":91,"column":10},"end":{"line":91,"column":48}},"51":{"start":{"line":93,"column":8},"end":{"line":93,"column":38}},"52":{"start":{"line":99,"column":16},"end":{"line":111,"column":1}},"53":{"start":{"line":101,"column":2},"end":{"line":109,"column":3}},"54":{"start":{"line":102,"column":4},"end":{"line":102,"column":32}},"55":{"start":{"line":103,"column":9},"end":{"line":109,"column":3}},"56":{"start":{"line":104,"column":4},"end":{"line":104,"column":30}},"57":{"start":{"line":105,"column":9},"end":{"line":109,"column":3}},"58":{"start":{"line":106,"column":4},"end":{"line":106,"column":26}},"59":{"start":{"line":107,"column":9},"end":{"line":109,"column":3}},"60":{"start":{"line":108,"column":4},"end":{"line":108,"column":31}},"61":{"start":{"line":110,"column":2},"end":{"line":110,"column":23}},"62":{"start":{"line":113,"column":16},"end":{"line":119,"column":1}},"63":{"start":{"line":114,"column":2},"end":{"line":118,"column":4}},"64":{"start":{"line":115,"column":19},"end":{"line":115,"column":21}},"65":{"start":{"line":116,"column":4},"end":{"line":116,"column":36}},"66":{"start":{"line":117,"column":4},"end":{"line":117,"column":37}},"67":{"start":{"line":120,"column":0},"end":{"line":120,"column":25}}},"fnMap":{"0":{"name":"(anonymous_0)","decl":{"start":{"line":7,"column":18},"end":{"line":7,"column":19}},"loc":{"start":{"line":7,"column":45},"end":{"line":19,"column":1}},"line":7},"1":{"name":"(anonymous_1)","decl":{"start":{"line":14,"column":17},"end":{"line":14,"column":18}},"loc":{"start":{"line":14,"column":25},"end":{"line":17,"column":5}},"line":14},"2":{"name":"(anonymous_2)","decl":{"start":{"line":22,"column":20},"end":{"line":22,"column":21}},"loc":{"start":{"line":22,"column":30},"end":{"line":28,"column":1}},"line":22},"3":{"name":"(anonymous_3)","decl":{"start":{"line":23,"column":21},"end":{"line":23,"column":22}},"loc":{"start":{"line":23,"column":42},"end":{"line":27,"column":3}},"line":23},"4":{"name":"(anonymous_4)","decl":{"start":{"line":29,"column":19},"end":{"line":29,"column":20}},"loc":{"start":{"line":29,"column":29},"end":{"line":38,"column":1}},"line":29},"5":{"name":"(anonymous_5)","decl":{"start":{"line":30,"column":21},"end":{"line":30,"column":22}},"loc":{"start":{"line":30,"column":42},"end":{"line":37,"column":3}},"line":30},"6":{"name":"(anonymous_6)","decl":{"start":{"line":31,"column":20},"end":{"line":31,"column":21}},"loc":{"start":{"line":31,"column":43},"end":{"line":36,"column":5}},"line":31},"7":{"name":"(anonymous_7)","decl":{"start":{"line":39,"column":18},"end":{"line":39,"column":19}},"loc":{"start":{"line":39,"column":28},"end":{"line":41,"column":1}},"line":39},"8":{"name":"(anonymous_8)","decl":{"start":{"line":42,"column":18},"end":{"line":42,"column":19}},"loc":{"start":{"line":42,"column":28},"end":{"line":70,"column":1}},"line":42},"9":{"name":"(anonymous_9)","decl":{"start":{"line":43,"column":21},"end":{"line":43,"column":22}},"loc":{"start":{"line":43,"column":42},"end":{"line":69,"column":3}},"line":43},"10":{"name":"(anonymous_10)","decl":{"start":{"line":45,"column":12},"end":{"line":45,"column":13}},"loc":{"start":{"line":45,"column":23},"end":{"line":68,"column":7}},"line":45},"11":{"name":"(anonymous_11)","decl":{"start":{"line":46,"column":40},"end":{"line":46,"column":41}},"loc":{"start":{"line":46,"column":54},"end":{"line":48,"column":9}},"line":46},"12":{"name":"(anonymous_12)","decl":{"start":{"line":50,"column":28},"end":{"line":50,"column":29}},"loc":{"start":{"line":50,"column":36},"end":{"line":52,"column":9}},"line":50},"13":{"name":"(anonymous_13)","decl":{"start":{"line":54,"column":16},"end":{"line":54,"column":17}},"loc":{"start":{"line":54,"column":27},"end":{"line":67,"column":11}},"line":54},"14":{"name":"(anonymous_14)","decl":{"start":{"line":56,"column":28},"end":{"line":56,"column":29}},"loc":{"start":{"line":56,"column":42},"end":{"line":61,"column":13}},"line":56},"15":{"name":"(anonymous_15)","decl":{"start":{"line":71,"column":13},"end":{"line":71,"column":14}},"loc":{"start":{"line":71,"column":23},"end":{"line":84,"column":1}},"line":71},"16":{"name":"(anonymous_16)","decl":{"start":{"line":72,"column":21},"end":{"line":72,"column":22}},"loc":{"start":{"line":72,"column":42},"end":{"line":83,"column":3}},"line":72},"17":{"name":"(anonymous_17)","decl":{"start":{"line":74,"column":12},"end":{"line":74,"column":13}},"loc":{"start":{"line":74,"column":23},"end":{"line":82,"column":7}},"line":74},"18":{"name":"(anonymous_18)","decl":{"start":{"line":75,"column":40},"end":{"line":75,"column":41}},"loc":{"start":{"line":75,"column":54},"end":{"line":77,"column":9}},"line":75},"19":{"name":"(anonymous_19)","decl":{"start":{"line":85,"column":17},"end":{"line":85,"column":18}},"loc":{"start":{"line":85,"column":27},"end":{"line":97,"column":1}},"line":85},"20":{"name":"(anonymous_20)","decl":{"start":{"line":86,"column":21},"end":{"line":86,"column":22}},"loc":{"start":{"line":86,"column":42},"end":{"line":96,"column":3}},"line":86},"21":{"name":"(anonymous_21)","decl":{"start":{"line":88,"column":12},"end":{"line":88,"column":13}},"loc":{"start":{"line":88,"column":21},"end":{"line":94,"column":7}},"line":88},"22":{"name":"(anonymous_22)","decl":{"start":{"line":90,"column":22},"end":{"line":90,"column":23}},"loc":{"start":{"line":90,"column":32},"end":{"line":92,"column":9}},"line":90},"23":{"name":"(anonymous_23)","decl":{"start":{"line":99,"column":16},"end":{"line":99,"column":17}},"loc":{"start":{"line":99,"column":43},"end":{"line":111,"column":1}},"line":99},"24":{"name":"(anonymous_24)","decl":{"start":{"line":113,"column":16},"end":{"line":113,"column":17}},"loc":{"start":{"line":113,"column":35},"end":{"line":119,"column":1}},"line":113},"25":{"name":"(anonymous_25)","decl":{"start":{"line":114,"column":21},"end":{"line":114,"column":22}},"loc":{"start":{"line":114,"column":42},"end":{"line":118,"column":3}},"line":114}},"branchMap":{"0":{"loc":{"start":{"line":8,"column":2},"end":{"line":18,"column":3}},"type":"if","locations":[{"start":{"line":8,"column":2},"end":{"line":18,"column":3}},{"start":{"line":8,"column":2},"end":{"line":18,"column":3}}],"line":8},"1":{"loc":{"start":{"line":9,"column":4},"end":{"line":11,"column":5}},"type":"if","locations":[{"start":{"line":9,"column":4},"end":{"line":11,"column":5}},{"start":{"line":9,"column":4},"end":{"line":11,"column":5}}],"line":9},"2":{"loc":{"start":{"line":32,"column":6},"end":{"line":34,"column":7}},"type":"if","locations":[{"start":{"line":32,"column":6},"end":{"line":34,"column":7}},{"start":{"line":32,"column":6},"end":{"line":34,"column":7}}],"line":32},"3":{"loc":{"start":{"line":57,"column":14},"end":{"line":60,"column":15}},"type":"if","locations":[{"start":{"line":57,"column":14},"end":{"line":60,"column":15}},{"start":{"line":57,"column":14},"end":{"line":60,"column":15}}],"line":57},"4":{"loc":{"start":{"line":101,"column":2},"end":{"line":109,"column":3}},"type":"if","locations":[{"start":{"line":101,"column":2},"end":{"line":109,"column":3}},{"start":{"line":101,"column":2},"end":{"line":109,"column":3}}],"line":101},"5":{"loc":{"start":{"line":101,"column":6},"end":{"line":101,"column":41}},"type":"binary-expr","locations":[{"start":{"line":101,"column":6},"end":{"line":101,"column":23}},{"start":{"line":101,"column":27},"end":{"line":101,"column":41}}],"line":101},"6":{"loc":{"start":{"line":103,"column":9},"end":{"line":109,"column":3}},"type":"if","locations":[{"start":{"line":103,"column":9},"end":{"line":109,"column":3}},{"start":{"line":103,"column":9},"end":{"line":109,"column":3}}],"line":103},"7":{"loc":{"start":{"line":103,"column":13},"end":{"line":103,"column":47}},"type":"binary-expr","locations":[{"start":{"line":103,"column":13},"end":{"line":103,"column":29}},{"start":{"line":103,"column":33},"end":{"line":103,"column":47}}],"line":103},"8":{"loc":{"start":{"line":105,"column":9},"end":{"line":109,"column":3}},"type":"if","locations":[{"start":{"line":105,"column":9},"end":{"line":109,"column":3}},{"start":{"line":105,"column":9},"end":{"line":109,"column":3}}],"line":105},"9":{"loc":{"start":{"line":105,"column":13},"end":{"line":105,"column":47}},"type":"binary-expr","locations":[{"start":{"line":105,"column":13},"end":{"line":105,"column":30}},{"start":{"line":105,"column":34},"end":{"line":105,"column":47}}],"line":105},"10":{"loc":{"start":{"line":107,"column":9},"end":{"line":109,"column":3}},"type":"if","locations":[{"start":{"line":107,"column":9},"end":{"line":109,"column":3}},{"start":{"line":107,"column":9},"end":{"line":109,"column":3}}],"line":107},"11":{"loc":{"start":{"line":107,"column":13},"end":{"line":107,"column":46}},"type":"binary-expr","locations":[{"start":{"line":107,"column":13},"end":{"line":107,"column":29}},{"start":{"line":107,"column":33},"end":{"line":107,"column":46}}],"line":107}},"s":{"0":1,"1":1,"2":1,"3":1,"4":1,"5":19,"6":10,"7":4,"8":9,"9":9,"10":15,"11":15,"12":1,"13":4,"14":4,"15":4,"16":4,"17":1,"18":4,"19":4,"20":4,"21":0,"22":4,"23":1,"24":2,"25":1,"26":1,"27":1,"28":1,"29":2,"30":1,"31":1,"32":2,"33":1,"34":1,"35":1,"36":2,"37":1,"38":1,"39":1,"40":1,"41":1,"42":1,"43":2,"44":1,"45":1,"46":1,"47":1,"48":1,"49":1,"50":2,"51":1,"52":1,"53":4,"54":1,"55":3,"56":1,"57":2,"58":1,"59":1,"60":1,"61":4,"62":1,"63":4,"64":4,"65":4,"66":4,"67":1},"f":{"0":19,"1":15,"2":4,"3":4,"4":4,"5":4,"6":4,"7":2,"8":1,"9":1,"10":1,"11":2,"12":2,"13":1,"14":2,"15":1,"16":1,"17":1,"18":2,"19":1,"20":1,"21":1,"22":2,"23":4,"24":4,"25":4},"b":{"0":[10,9],"1":[4,6],"2":[0,4],"3":[1,1],"4":[1,3],"5":[4,2],"6":[1,2],"7":[3,2],"8":[1,1],"9":[2,1],"10":[1,0],"11":[1,1]},"_coverageSchema":"332fd63041d2c1bcb487cc26dd0d5f7d97098a6c","hash":"11ee3e8dc167ea247004d3eee08f6f7c9fdfa4cd"}
}
