TN:
SF:C:\Users\leylaticze\Documents\markdown-track\lim-2018-01-FE-markdown\index.js
FN:6,(anonymous_0)
FN:7,(anonymous_1)
FN:8,(anonymous_2)
FN:10,(anonymous_3)
FN:22,(anonymous_4)
FN:23,(anonymous_5)
FN:29,(anonymous_6)
FN:30,(anonymous_7)
FN:31,(anonymous_8)
FN:39,(anonymous_9)
FN:42,(anonymous_10)
FN:43,(anonymous_11)
FN:45,(anonymous_12)
FN:46,(anonymous_13)
FN:50,(anonymous_14)
FN:54,(anonymous_15)
FN:56,(anonymous_16)
FN:66,(anonymous_17)
FN:67,(anonymous_18)
FN:69,(anonymous_19)
FN:70,(anonymous_20)
FN:78,(anonymous_21)
FN:79,(anonymous_22)
FN:81,(anonymous_23)
FN:83,(anonymous_24)
FN:92,(anonymous_25)
FN:104,(anonymous_26)
FN:105,(anonymous_27)
FN:106,(anonymous_28)
FNF:29
FNH:25
FNDA:0,(anonymous_0)
FNDA:0,(anonymous_1)
FNDA:0,(anonymous_2)
FNDA:0,(anonymous_3)
FNDA:4,(anonymous_4)
FNDA:4,(anonymous_5)
FNDA:4,(anonymous_6)
FNDA:4,(anonymous_7)
FNDA:4,(anonymous_8)
FNDA:2,(anonymous_9)
FNDA:1,(anonymous_10)
FNDA:1,(anonymous_11)
FNDA:1,(anonymous_12)
FNDA:2,(anonymous_13)
FNDA:2,(anonymous_14)
FNDA:1,(anonymous_15)
FNDA:2,(anonymous_16)
FNDA:1,(anonymous_17)
FNDA:1,(anonymous_18)
FNDA:1,(anonymous_19)
FNDA:2,(anonymous_20)
FNDA:1,(anonymous_21)
FNDA:1,(anonymous_22)
FNDA:1,(anonymous_23)
FNDA:2,(anonymous_24)
FNDA:4,(anonymous_25)
FNDA:4,(anonymous_26)
FNDA:4,(anonymous_27)
FNDA:4,(anonymous_28)
DA:1,1
DA:2,1
DA:3,1
DA:6,1
DA:7,0
DA:8,0
DA:9,0
DA:10,0
DA:11,0
DA:12,0
DA:13,0
DA:14,0
DA:22,1
DA:23,4
DA:24,4
DA:25,4
DA:26,4
DA:29,1
DA:30,4
DA:31,4
DA:32,4
DA:33,0
DA:35,4
DA:39,1
DA:40,2
DA:42,1
DA:43,1
DA:44,1
DA:46,1
DA:47,2
DA:49,1
DA:50,1
DA:51,2
DA:53,1
DA:55,1
DA:56,1
DA:57,2
DA:58,1
DA:61,1
DA:66,1
DA:67,1
DA:68,1
DA:70,1
DA:71,2
DA:73,1
DA:78,1
DA:79,1
DA:80,1
DA:82,1
DA:83,1
DA:84,2
DA:86,1
DA:92,1
DA:93,4
DA:94,1
DA:95,3
DA:96,1
DA:97,2
DA:98,1
DA:99,1
DA:100,1
DA:104,1
DA:105,4
DA:106,4
DA:107,4
DA:108,4
DA:109,0
DA:110,0
DA:115,1
LF:69
LH:58
BRDA:11,0,0,0
BRDA:11,0,1,0
BRDA:13,1,0,0
BRDA:13,1,1,0
BRDA:32,2,0,0
BRDA:32,2,1,4
BRDA:57,3,0,1
BRDA:57,3,1,1
BRDA:93,4,0,1
BRDA:93,4,1,3
BRDA:93,5,0,4
BRDA:93,5,1,2
BRDA:95,6,0,1
BRDA:95,6,1,2
BRDA:95,7,0,3
BRDA:95,7,1,2
BRDA:97,8,0,1
BRDA:97,8,1,1
BRDA:97,9,0,2
BRDA:97,9,1,1
BRDA:99,10,0,1
BRDA:99,10,1,0
BRDA:99,11,0,1
BRDA:99,11,1,1
BRDA:107,12,0,4
BRDA:107,12,1,0
BRDA:109,13,0,0
BRDA:109,13,1,0
BRF:28
BRH:19
end_of_record
