TN:
SF:C:\Users\leylaticze\Documents\markdown-track\lim-2018-01-FE-markdown\index.js
FN:7,(anonymous_0)
FN:14,(anonymous_1)
FN:22,(anonymous_2)
FN:23,(anonymous_3)
FN:29,(anonymous_4)
FN:30,(anonymous_5)
FN:31,(anonymous_6)
FN:39,(anonymous_7)
FN:42,(anonymous_8)
FN:43,(anonymous_9)
FN:45,(anonymous_10)
FN:46,(anonymous_11)
FN:50,(anonymous_12)
FN:54,(anonymous_13)
FN:56,(anonymous_14)
FN:71,(anonymous_15)
FN:72,(anonymous_16)
FN:74,(anonymous_17)
FN:75,(anonymous_18)
FN:85,(anonymous_19)
FN:86,(anonymous_20)
FN:88,(anonymous_21)
FN:90,(anonymous_22)
FN:99,(anonymous_23)
FN:113,(anonymous_24)
FN:114,(anonymous_25)
FNF:26
FNH:26
FNDA:19,(anonymous_0)
FNDA:15,(anonymous_1)
FNDA:4,(anonymous_2)
FNDA:4,(anonymous_3)
FNDA:4,(anonymous_4)
FNDA:4,(anonymous_5)
FNDA:4,(anonymous_6)
FNDA:2,(anonymous_7)
FNDA:1,(anonymous_8)
FNDA:1,(anonymous_9)
FNDA:1,(anonymous_10)
FNDA:2,(anonymous_11)
FNDA:2,(anonymous_12)
FNDA:1,(anonymous_13)
FNDA:2,(anonymous_14)
FNDA:1,(anonymous_15)
FNDA:1,(anonymous_16)
FNDA:1,(anonymous_17)
FNDA:2,(anonymous_18)
FNDA:1,(anonymous_19)
FNDA:1,(anonymous_20)
FNDA:1,(anonymous_21)
FNDA:2,(anonymous_22)
FNDA:4,(anonymous_23)
FNDA:4,(anonymous_24)
FNDA:4,(anonymous_25)
DA:1,1
DA:2,1
DA:3,1
DA:4,1
DA:7,1
DA:8,19
DA:9,10
DA:10,4
DA:13,9
DA:14,9
DA:15,15
DA:16,15
DA:22,1
DA:23,4
DA:24,4
DA:25,4
DA:26,4
DA:29,1
DA:30,4
DA:31,4
DA:32,4
DA:33,0
DA:35,4
DA:39,1
DA:40,2
DA:42,1
DA:43,1
DA:44,1
DA:46,1
DA:47,2
DA:49,1
DA:50,1
DA:51,2
DA:53,1
DA:55,1
DA:56,1
DA:57,2
DA:59,1
DA:62,1
DA:71,1
DA:72,1
DA:73,1
DA:75,1
DA:76,2
DA:78,1
DA:85,1
DA:86,1
DA:87,1
DA:89,1
DA:90,1
DA:91,2
DA:93,1
DA:99,1
DA:101,4
DA:102,1
DA:103,3
DA:104,1
DA:105,2
DA:106,1
DA:107,1
DA:108,1
DA:110,4
DA:113,1
DA:114,4
DA:115,4
DA:116,4
DA:117,4
DA:120,1
LF:68
LH:67
BRDA:8,0,0,10
BRDA:8,0,1,9
BRDA:9,1,0,4
BRDA:9,1,1,6
BRDA:32,2,0,0
BRDA:32,2,1,4
BRDA:57,3,0,1
BRDA:57,3,1,1
BRDA:101,4,0,1
BRDA:101,4,1,3
BRDA:101,5,0,4
BRDA:101,5,1,2
BRDA:103,6,0,1
BRDA:103,6,1,2
BRDA:103,7,0,3
BRDA:103,7,1,2
BRDA:105,8,0,1
BRDA:105,8,1,1
BRDA:105,9,0,2
BRDA:105,9,1,1
BRDA:107,10,0,1
BRDA:107,10,1,0
BRDA:107,11,0,1
BRDA:107,11,1,1
BRF:24
BRH:22
end_of_record
